This file contains any messages produced by compilers while
running configure, to aid debugging if configure makes a mistake.

It was created by configure, which was
generated by GNU Autoconf 2.57.  Invocation command line was

  $ ./configure CC=ag++

## --------- ##
## Platform. ##
## --------- ##

hostname = yangyan-desktop
uname -m = i686
uname -r = 2.6.32-34-generic
uname -s = Linux
uname -v = #77-Ubuntu SMP Tue Sep 13 19:40:53 UTC 2011

/usr/bin/uname -p = unknown
/bin/uname -X     = unknown

/bin/arch              = unknown
/usr/bin/arch -k       = unknown
/usr/convex/getsysinfo = unknown
hostinfo               = unknown
/bin/machine           = unknown
/usr/bin/oslevel       = unknown
/bin/universe          = unknown

PATH: /home/yangyan/bin
PATH: /usr/local/sbin
PATH: /usr/local/bin
PATH: /usr/sbin
PATH: /usr/bin
PATH: /sbin
PATH: /bin
PATH: /usr/games
PATH: /mirror/mpich2/bin


## ----------- ##
## Core tests. ##
## ----------- ##

configure:1354: checking for gcc
configure:1380: result: ag++
configure:1624: checking for C compiler version
configure:1627: ag++ --version </dev/null >&5
ag++ 0.7  built: Nov 24 2009
configure:1630: $? = 1
configure:1632: ag++ -v </dev/null >&5
error: No input files
* 
* 
* AG++ Configuration:
*   Aspect C++ weaver:  ac++
*   C++ compiler:       g++
*   Files:              
*   Options (G++):      
*   Options (AC++):      -v -p.
*   Options (total):     -v -p.
*   PumaConfig: 1 Weave: 0 Compile: 0 Link: 0
* 
* 
configure:1635: $? = 1
configure:1637: ag++ -V </dev/null >&5
error: G++ Option reqires argument: '-V'
configure:1640: $? = 1
configure:1664: checking for C compiler default output
configure:1667: ag++    conftest.c  >&5
<anonymous unit>:2: error: Unexpected token `-'
error: Execution failed: "ac++" --config "/tmp/agxx_pcfgFvGSQd"  -p. -c "conftest.c" -o "/tmp/conftest.c_agxx_70QvVb"
configure:1670: $? = 1
configure: failed program was:
| #line 1643 "configure"
| /* confdefs.h.  */
| 
| #define PACKAGE_NAME ""
| #define PACKAGE_TARNAME ""
| #define PACKAGE_VERSION ""
| #define PACKAGE_STRING ""
| #define PACKAGE_BUGREPORT ""
| #define VERSION 2.9.4
| #define VERSION_QUOTED "2.9.4"
| /* end confdefs.h.  */
| 
| int
| main ()
| {
| 
|   ;
|   return 0;
| }
configure:1709: error: C compiler cannot create executables
See `config.log' for more details.

## ---------------- ##
## Cache variables. ##
## ---------------- ##

ac_cv_env_CC_set=set
ac_cv_env_CC_value=ag++
ac_cv_env_CFLAGS_set=
ac_cv_env_CFLAGS_value=
ac_cv_env_CPPFLAGS_set=
ac_cv_env_CPPFLAGS_value=
ac_cv_env_CPP_set=
ac_cv_env_CPP_value=
ac_cv_env_LDFLAGS_set=
ac_cv_env_LDFLAGS_value=
ac_cv_env_build_alias_set=
ac_cv_env_build_alias_value=
ac_cv_env_host_alias_set=
ac_cv_env_host_alias_value=
ac_cv_env_target_alias_set=
ac_cv_env_target_alias_value=
ac_cv_prog_ac_ct_CC=ag++

## ----------------- ##
## Output variables. ##
## ----------------- ##

ANSWERALL=''
BINDIREX=''
BOOTINSTALL=''
CC='ag++'
CFLAGS=''
CPP=''
CPPFLAGS=''
DB2MAN=''
DB2MAN_AFTER=''
DB2MAN_BEFORE=''
DB2MAN_SPEC=''
DEBUG=''
DEFS=''
DOCDIR=''
DSSSL_DIR=''
ECHO_C=''
ECHO_N='-n'
ECHO_T=''
EDITOR=''
EGREP=''
ETC=''
EXEEXT=''
FCRONDYN=''
FCRONTABS=''
GETLOADAVG_LIBS=''
GROUPNAME=''
INSTALL_DATA=''
INSTALL_PROGRAM=''
INSTALL_SCRIPT=''
JADE=''
KMEM_GROUP=''
LDFLAGS=''
LIBOBJS=''
LIBS=''
LN_S=''
LTLIBOBJS=''
NEED_SETGID=''
NSGMLS=''
OBJEXT=''
PACKAGE_BUGREPORT=''
PACKAGE_NAME=''
PACKAGE_STRING=''
PACKAGE_TARNAME=''
PACKAGE_VERSION=''
PATH_SEPARATOR=':'
PROC=''
ROOTGID=''
ROOTGROUP=''
ROOTNAME=''
ROOTUID=''
RUN_NON_PRIVILEGED=''
SBINDIREX=''
SENDMAIL=''
SGMLSPL=''
SHELL='/bin/bash'
SYSFCRONTAB=''
USEPAM=''
USERNAME='yangyan'
VERSION='2.9.4'
ac_ct_CC='ag++'
bindir='${exec_prefix}/bin'
build_alias=''
datadir='${prefix}/share'
exec_prefix='NONE'
host_alias=''
includedir='${prefix}/include'
infodir='${prefix}/info'
libdir='${exec_prefix}/lib'
libexecdir='${exec_prefix}/libexec'
localstatedir='${prefix}/var'
mandir='${prefix}/man'
oldincludedir='/usr/include'
prefix='/usr'
program_transform_name='s,x,x,'
sbindir='${exec_prefix}/sbin'
sharedstatedir='${prefix}/com'
sysconfdir='${prefix}/etc'
target_alias=''

## ----------- ##
## confdefs.h. ##
## ----------- ##

#define PACKAGE_BUGREPORT ""
#define PACKAGE_NAME ""
#define PACKAGE_STRING ""
#define PACKAGE_TARNAME ""
#define PACKAGE_VERSION ""
#define VERSION 2.9.4
#define VERSION_QUOTED "2.9.4"

configure: exit 77
